setGPU: Setting GPU to: 1
tf version: 2.3.1
[DataReader] read_jet_features_from_dir(): reading all events from /eos/user/k/kiwoznia/data/VAE_results/events/run_106/qcd_sqrtshatTeV_13TeV_PU40_NEW_signalregion_parts
4296459 events read in 5 files in dir /eos/user/k/kiwoznia/data/VAE_results/events/run_106/qcd_sqrtshatTeV_13TeV_PU40_NEW_signalregion_parts
training on 3437167 events, validating on 859292
Model: "functional_1"
_________________________________________________________________
Layer (type)                 Output Shape              Param #   
=================================================================
input_1 (InputLayer)         [(None, 1)]               0         
_________________________________________________________________
dense (Dense)                (None, 50)                100       
_________________________________________________________________
dense_1 (Dense)              (None, 50)                2550      
_________________________________________________________________
dense_2 (Dense)              (None, 50)                2550      
_________________________________________________________________
dense_3 (Dense)              (None, 50)                2550      
_________________________________________________________________
dense_4 (Dense)              (None, 50)                2550      
_________________________________________________________________
dense_5 (Dense)              (None, 1)                 51        
=================================================================
Total params: 10,351
Trainable params: 10,351
Non-trainable params: 0
_________________________________________________________________
Epoch 1/100
13427/13427 - 29s - loss: 0.0596 - val_loss: 0.0298
Epoch 2/100
13427/13427 - 26s - loss: 0.0299 - val_loss: 0.0297
Epoch 3/100
13427/13427 - 24s - loss: 0.0298 - val_loss: 0.0296
Epoch 4/100
13427/13427 - 25s - loss: 0.0297 - val_loss: 0.0298
Epoch 5/100
13427/13427 - 24s - loss: 0.0297 - val_loss: 0.0299
Epoch 6/100
13427/13427 - 26s - loss: 0.0297 - val_loss: 0.0295
Epoch 7/100
13427/13427 - 25s - loss: 0.0297 - val_loss: 0.0296
Epoch 8/100
13427/13427 - 27s - loss: 0.0297 - val_loss: 0.0296
Epoch 9/100
13427/13427 - 26s - loss: 0.0297 - val_loss: 0.0296
Epoch 10/100
13427/13427 - 26s - loss: 0.0297 - val_loss: 0.0296
Epoch 11/100
13427/13427 - 30s - loss: 0.0297 - val_loss: 0.0296
Epoch 12/100
13427/13427 - 28s - loss: 0.0297 - val_loss: 0.0296
Epoch 13/100
13427/13427 - 25s - loss: 0.0297 - val_loss: 0.0296
Epoch 14/100
13427/13427 - 24s - loss: 0.0297 - val_loss: 0.0296
Epoch 15/100
13427/13427 - 24s - loss: 0.0297 - val_loss: 0.0295
Epoch 16/100
13427/13427 - 25s - loss: 0.0297 - val_loss: 0.0298
Epoch 17/100
13427/13427 - 26s - loss: 0.0297 - val_loss: 0.0297
Epoch 18/100
13427/13427 - 25s - loss: 0.0296 - val_loss: 0.0296
Epoch 19/100
13427/13427 - 27s - loss: 0.0293 - val_loss: 0.0290
Epoch 20/100
13427/13427 - 25s - loss: 0.0290 - val_loss: 0.0290
Epoch 21/100
13427/13427 - 28s - loss: 0.0290 - val_loss: 0.0292
Epoch 22/100
13427/13427 - 24s - loss: 0.0290 - val_loss: 0.0288
Epoch 23/100
13427/13427 - 27s - loss: 0.0289 - val_loss: 0.0291
Epoch 24/100
13427/13427 - 26s - loss: 0.0289 - val_loss: 0.0294
Epoch 25/100
13427/13427 - 28s - loss: 0.0289 - val_loss: 0.0289
Epoch 26/100
13427/13427 - 26s - loss: 0.0289 - val_loss: 0.0289
Epoch 27/100
13427/13427 - 26s - loss: 0.0289 - val_loss: 0.0288
Epoch 28/100
13427/13427 - 24s - loss: 0.0289 - val_loss: 0.0288
Epoch 29/100
13427/13427 - 23s - loss: 0.0289 - val_loss: 0.0293
Epoch 30/100
13427/13427 - 24s - loss: 0.0289 - val_loss: 0.0291
Epoch 31/100
13427/13427 - 23s - loss: 0.0289 - val_loss: 0.0289
Epoch 32/100
13427/13427 - 24s - loss: 0.0289 - val_loss: 0.0289
Epoch 33/100
13427/13427 - 25s - loss: 0.0289 - val_loss: 0.0289
Epoch 34/100
13427/13427 - 25s - loss: 0.0289 - val_loss: 0.0288
Epoch 35/100
13427/13427 - 24s - loss: 0.0289 - val_loss: 0.0288
Epoch 36/100
13427/13427 - 24s - loss: 0.0289 - val_loss: 0.0288
Epoch 37/100
13427/13427 - 25s - loss: 0.0289 - val_loss: 0.0292
Epoch 38/100
13427/13427 - 24s - loss: 0.0289 - val_loss: 0.0288
Epoch 39/100
13427/13427 - 26s - loss: 0.0289 - val_loss: 0.0290
Epoch 40/100
13427/13427 - 26s - loss: 0.0289 - val_loss: 0.0289
Epoch 41/100
13427/13427 - 27s - loss: 0.0289 - val_loss: 0.0290
Epoch 42/100
13427/13427 - 25s - loss: 0.0289 - val_loss: 0.0289
Epoch 43/100
13427/13427 - 24s - loss: 0.0289 - val_loss: 0.0288
Epoch 44/100
13427/13427 - 28s - loss: 0.0289 - val_loss: 0.0290
Epoch 45/100
13427/13427 - 29s - loss: 0.0289 - val_loss: 0.0290
Epoch 46/100
13427/13427 - 25s - loss: 0.0289 - val_loss: 0.0289
Epoch 47/100
13427/13427 - 29s - loss: 0.0289 - val_loss: 0.0289
Epoch 48/100
13427/13427 - 28s - loss: 0.0289 - val_loss: 0.0288
Epoch 49/100
13427/13427 - 27s - loss: 0.0289 - val_loss: 0.0291
Epoch 50/100
13427/13427 - 25s - loss: 0.0289 - val_loss: 0.0289
Epoch 51/100
13427/13427 - 26s - loss: 0.0289 - val_loss: 0.0292
Epoch 52/100
13427/13427 - 25s - loss: 0.0289 - val_loss: 0.0288
Epoch 53/100
13427/13427 - 24s - loss: 0.0289 - val_loss: 0.0288
Epoch 54/100
13427/13427 - 24s - loss: 0.0289 - val_loss: 0.0293
Epoch 55/100
13427/13427 - 24s - loss: 0.0289 - val_loss: 0.0289
Epoch 56/100
13427/13427 - 24s - loss: 0.0289 - val_loss: 0.0288
Epoch 57/100
13427/13427 - 23s - loss: 0.0289 - val_loss: 0.0288
Epoch 58/100
13427/13427 - 23s - loss: 0.0289 - val_loss: 0.0288
Epoch 59/100
13427/13427 - 31s - loss: 0.0289 - val_loss: 0.0290
Epoch 60/100
13427/13427 - 26s - loss: 0.0289 - val_loss: 0.0290
Epoch 61/100
13427/13427 - 29s - loss: 0.0289 - val_loss: 0.0288
Epoch 62/100
13427/13427 - 31s - loss: 0.0289 - val_loss: 0.0289
Epoch 63/100
13427/13427 - 25s - loss: 0.0289 - val_loss: 0.0288
Epoch 64/100
13427/13427 - 28s - loss: 0.0289 - val_loss: 0.0291
Epoch 65/100
13427/13427 - 25s - loss: 0.0289 - val_loss: 0.0288
Epoch 66/100
13427/13427 - 24s - loss: 0.0289 - val_loss: 0.0288
Epoch 67/100
13427/13427 - 28s - loss: 0.0289 - val_loss: 0.0290
Epoch 68/100
13427/13427 - 27s - loss: 0.0289 - val_loss: 0.0288
Epoch 69/100
13427/13427 - 25s - loss: 0.0289 - val_loss: 0.0289
Epoch 70/100
13427/13427 - 25s - loss: 0.0289 - val_loss: 0.0288
Epoch 71/100
13427/13427 - 27s - loss: 0.0289 - val_loss: 0.0290
Epoch 72/100
13427/13427 - 26s - loss: 0.0289 - val_loss: 0.0290
Epoch 73/100
13427/13427 - 29s - loss: 0.0289 - val_loss: 0.0288
Epoch 74/100
13427/13427 - 27s - loss: 0.0289 - val_loss: 0.0288
Epoch 75/100
13427/13427 - 30s - loss: 0.0289 - val_loss: 0.0288
Epoch 76/100
13427/13427 - 25s - loss: 0.0289 - val_loss: 0.0288
Epoch 77/100
13427/13427 - 28s - loss: 0.0289 - val_loss: 0.0288
Epoch 78/100
13427/13427 - 25s - loss: 0.0289 - val_loss: 0.0288
Epoch 79/100
13427/13427 - 27s - loss: 0.0289 - val_loss: 0.0288
Epoch 80/100
13427/13427 - 26s - loss: 0.0289 - val_loss: 0.0288
Epoch 81/100
13427/13427 - 28s - loss: 0.0289 - val_loss: 0.0289
Epoch 82/100
13427/13427 - 26s - loss: 0.0289 - val_loss: 0.0288
Epoch 83/100
13427/13427 - 25s - loss: 0.0289 - val_loss: 0.0289
Epoch 84/100
13427/13427 - 26s - loss: 0.0289 - val_loss: 0.0291
Epoch 85/100
13427/13427 - 24s - loss: 0.0289 - val_loss: 0.0288
Epoch 86/100
13427/13427 - 25s - loss: 0.0289 - val_loss: 0.0288
Epoch 87/100
13427/13427 - 28s - loss: 0.0289 - val_loss: 0.0288
Epoch 88/100
13427/13427 - 27s - loss: 0.0289 - val_loss: 0.0288
Epoch 89/100
13427/13427 - 23s - loss: 0.0289 - val_loss: 0.0288
Epoch 90/100
13427/13427 - 24s - loss: 0.0289 - val_loss: 0.0288
Epoch 91/100
13427/13427 - 23s - loss: 0.0289 - val_loss: 0.0289
Epoch 92/100
13427/13427 - 26s - loss: 0.0289 - val_loss: 0.0288
Epoch 93/100
13427/13427 - 26s - loss: 0.0289 - val_loss: 0.0288
Epoch 94/100
13427/13427 - 25s - loss: 0.0289 - val_loss: 0.0288
Epoch 95/100
13427/13427 - 24s - loss: 0.0289 - val_loss: 0.0288
Epoch 96/100
13427/13427 - 23s - loss: 0.0289 - val_loss: 0.0288
Epoch 97/100
13427/13427 - 25s - loss: 0.0289 - val_loss: 0.0288
Epoch 98/100
13427/13427 - 23s - loss: 0.0289 - val_loss: 0.0288
Epoch 99/100
13427/13427 - 24s - loss: 0.0289 - val_loss: 0.0288
Epoch 100/100
13427/13427 - 24s - loss: 0.0289 - val_loss: 0.0289
Model: "functional_1"
_________________________________________________________________
Layer (type)                 Output Shape              Param #   
=================================================================
input_1 (InputLayer)         [(None, 1)]               0         
_________________________________________________________________
dense (Dense)                (None, 50)                100       
_________________________________________________________________
dense_1 (Dense)              (None, 50)                2550      
_________________________________________________________________
dense_2 (Dense)              (None, 50)                2550      
_________________________________________________________________
dense_3 (Dense)              (None, 50)                2550      
_________________________________________________________________
dense_4 (Dense)              (None, 50)                2550      
_________________________________________________________________
dense_5 (Dense)              (None, 1)                 51        
=================================================================
Total params: 10,351
Trainable params: 10,351
Non-trainable params: 0
_________________________________________________________________
None
