[DataReader] read_jet_features_from_dir(): reading all events from /eos/user/k/kiwoznia/data/VAE_results/events/run_113/qcd_sqrtshatTeV_13TeV_PU40_NEW_ALL_Test_signalregion_parts
7671759 events read in 1 files in dir /eos/user/k/kiwoznia/data/VAE_results/events/run_113/qcd_sqrtshatTeV_13TeV_PU40_NEW_ALL_Test_signalregion_parts
writing selections to  /eos/user/k/kiwoznia/data/QR_results/events/run_113/sig_qcdSigAllTestReco/xsec_0/loss_rk5_05/fitted_cut/param5/qcd_sqrtshatTeV_13TeV_PU40_NEW_ALL_Test_reco.h5
written data sample to /eos/user/k/kiwoznia/data/QR_results/events/run_113/sig_qcdSigAllTestReco/xsec_0/loss_rk5_05/fitted_cut/param5/qcd_sqrtshatTeV_13TeV_PU40_NEW_ALL_Test_reco.h5
[DataReader] read_jet_features_from_dir(): reading all events from /eos/user/k/kiwoznia/data/VAE_results/events/run_113/RSGraviton_WW_NARROW_13TeV_PU40_1.5TeV_NEW_parts
397843 events read in 2 files in dir /eos/user/k/kiwoznia/data/VAE_results/events/run_113/RSGraviton_WW_NARROW_13TeV_PU40_1.5TeV_NEW_parts
writing selections to  /eos/user/k/kiwoznia/data/QR_results/events/run_113/sig_GtoWW15naReco/xsec_0/loss_rk5_05/fitted_cut/param5/RSGraviton_WW_NARROW_13TeV_PU40_1.5TeV_reco.h5
written data sample to /eos/user/k/kiwoznia/data/QR_results/events/run_113/sig_GtoWW15naReco/xsec_0/loss_rk5_05/fitted_cut/param5/RSGraviton_WW_NARROW_13TeV_PU40_1.5TeV_reco.h5
[DataReader] read_jet_features_from_dir(): reading all events from /eos/user/k/kiwoznia/data/VAE_results/events/run_113/RSGraviton_WW_NARROW_13TeV_PU40_2.5TeV_NEW_parts
492361 events read in 2 files in dir /eos/user/k/kiwoznia/data/VAE_results/events/run_113/RSGraviton_WW_NARROW_13TeV_PU40_2.5TeV_NEW_parts
writing selections to  /eos/user/k/kiwoznia/data/QR_results/events/run_113/sig_GtoWW25naReco/xsec_0/loss_rk5_05/fitted_cut/param5/RSGraviton_WW_NARROW_13TeV_PU40_2.5TeV_reco.h5
written data sample to /eos/user/k/kiwoznia/data/QR_results/events/run_113/sig_GtoWW25naReco/xsec_0/loss_rk5_05/fitted_cut/param5/RSGraviton_WW_NARROW_13TeV_PU40_2.5TeV_reco.h5
[DataReader] read_jet_features_from_dir(): reading all events from /eos/user/k/kiwoznia/data/VAE_results/events/run_113/RSGraviton_WW_NARROW_13TeV_PU40_3.5TeV_NEW_parts
531825 events read in 2 files in dir /eos/user/k/kiwoznia/data/VAE_results/events/run_113/RSGraviton_WW_NARROW_13TeV_PU40_3.5TeV_NEW_parts
writing selections to  /eos/user/k/kiwoznia/data/QR_results/events/run_113/sig_GtoWW35naReco/xsec_0/loss_rk5_05/fitted_cut/param5/RSGraviton_WW_NARROW_13TeV_PU40_3.5TeV_reco.h5
written data sample to /eos/user/k/kiwoznia/data/QR_results/events/run_113/sig_GtoWW35naReco/xsec_0/loss_rk5_05/fitted_cut/param5/RSGraviton_WW_NARROW_13TeV_PU40_3.5TeV_reco.h5
[DataReader] read_jet_features_from_dir(): reading all events from /eos/user/k/kiwoznia/data/VAE_results/events/run_113/RSGraviton_WW_NARROW_13TeV_PU40_4.5TeV_NEW_parts
561735 events read in 2 files in dir /eos/user/k/kiwoznia/data/VAE_results/events/run_113/RSGraviton_WW_NARROW_13TeV_PU40_4.5TeV_NEW_parts
writing selections to  /eos/user/k/kiwoznia/data/QR_results/events/run_113/sig_GtoWW45naReco/xsec_0/loss_rk5_05/fitted_cut/param5/RSGraviton_WW_NARROW_13TeV_PU40_4.5TeV_reco.h5
written data sample to /eos/user/k/kiwoznia/data/QR_results/events/run_113/sig_GtoWW45naReco/xsec_0/loss_rk5_05/fitted_cut/param5/RSGraviton_WW_NARROW_13TeV_PU40_4.5TeV_reco.h5
